mode: atomic
github.com/91go/yaml2md/main.go:8.13,10.2 1 0
github.com/91go/yaml2md/cmd/md.go:35.47,41.17 4 0
github.com/91go/yaml2md/cmd/md.go:41.17,43.4 1 0
github.com/91go/yaml2md/cmd/md.go:44.3,47.17 3 0
github.com/91go/yaml2md/cmd/md.go:47.17,49.4 1 0
github.com/91go/yaml2md/cmd/md.go:51.3,51.63 1 0
github.com/91go/yaml2md/cmd/md.go:60.13,76.2 4 0
github.com/91go/yaml2md/cmd/md.go:78.19,79.19 1 0
github.com/91go/yaml2md/cmd/md.go:79.19,82.3 1 0
github.com/91go/yaml2md/cmd/md.go:82.8,85.3 2 0
github.com/91go/yaml2md/cmd/md.go:87.2,90.45 2 0
github.com/91go/yaml2md/cmd/md.go:90.45,92.3 1 0
github.com/91go/yaml2md/cmd/md.go:114.30,116.17 2 0
github.com/91go/yaml2md/cmd/md.go:116.17,117.21 1 0
github.com/91go/yaml2md/cmd/md.go:117.21,119.18 2 0
github.com/91go/yaml2md/cmd/md.go:119.18,121.5 1 0
github.com/91go/yaml2md/cmd/md.go:122.4,123.8 2 0
github.com/91go/yaml2md/cmd/md.go:123.8,125.43 2 0
github.com/91go/yaml2md/cmd/md.go:125.43,127.32 1 0
github.com/91go/yaml2md/cmd/md.go:127.32,128.12 1 0
github.com/91go/yaml2md/cmd/md.go:130.6,130.16 1 0
github.com/91go/yaml2md/cmd/md.go:132.5,132.20 1 0
github.com/91go/yaml2md/cmd/md.go:132.20,134.6 1 0
github.com/91go/yaml2md/cmd/md.go:138.2,138.13 1 0
github.com/91go/yaml2md/cmd/md.go:141.35,143.16 2 0
github.com/91go/yaml2md/cmd/md.go:143.16,145.3 1 0
github.com/91go/yaml2md/cmd/md.go:146.2,146.24 1 0
github.com/91go/yaml2md/cmd/md.go:146.24,148.3 1 0
github.com/91go/yaml2md/cmd/md.go:149.2,149.12 1 0
github.com/91go/yaml2md/cmd/md.go:153.40,155.41 1 0
github.com/91go/yaml2md/cmd/md.go:155.41,157.3 1 0
github.com/91go/yaml2md/cmd/md.go:158.2,158.26 1 0
github.com/91go/yaml2md/cmd/root.go:26.16,28.16 2 0
github.com/91go/yaml2md/cmd/root.go:28.16,30.3 1 0
github.com/91go/yaml2md/cmd/root.go:33.13,43.2 1 0
